<?xml version="1.0" encoding="UTF-8"?>
<!-- Generated by org.testng.reporters.JUnitXMLReporter -->
<testsuite ignored="6" hostname="LTIN263820" failures="1" tests="5" name="ChromeTest" time="106.629" errors="0" timestamp="2024-03-04T17:31:42 IST">
  <testcase classname="TestCase.UpcomingBikeDetailsTestCase" name="clickNewBikes" time="32.398"/>
  <testcase classname="TestCase.UpcomingBikeDetailsTestCase" name="clickUpcomingBikes" time="1.185">
    <failure type="java.lang.AssertionError" message="null">
      <![CDATA[java.lang.AssertionError: null
at TestCase.UpcomingBikeDetailsTestCase.clickUpcomingBikes(UpcomingBikeDetailsTestCase.java:48)
at java.base/java.util.ArrayList.forEach(ArrayList.java:1596)
... Removed 31 stack frames]]>
    </failure>
  </testcase> <!-- clickUpcomingBikes -->
  <testcase classname="TestCase.UsedcarDetailsTest" name="UsedCarDetails" time="45.484"/>
  <testcase classname="TestCase.GoogleLoginOrSignUpTest" name="verifyLoginPage" time="3.908"/>
  <testcase classname="TestCase.GoogleSignInTest" name="verifyLoginPage" time="8.672"/>
  <testcase classname="TestBase.BaseClass" name="@BeforeTest setup" time="0.0">
    <ignored/>
  </testcase> <!-- @BeforeTest setup -->
  <testcase classname="TestBase.BaseClass" name="@BeforeTest setup" time="0.0">
    <ignored/>
  </testcase> <!-- @BeforeTest setup -->
  <testcase classname="TestBase.BaseClass" name="@AfterTest tearDown" time="0.0">
    <ignored/>
  </testcase> <!-- @AfterTest tearDown -->
  <testcase classname="TestBase.BaseClass" name="@BeforeTest setup" time="0.0">
    <ignored/>
  </testcase> <!-- @BeforeTest setup -->
  <testcase classname="TestBase.BaseClass" name="@AfterTest tearDown" time="0.0">
    <ignored/>
  </testcase> <!-- @AfterTest tearDown -->
  <testcase classname="TestBase.BaseClass" name="@AfterTest tearDown" time="0.0">
    <ignored/>
  </testcase> <!-- @AfterTest tearDown -->
</testsuite> <!-- ChromeTest -->
