<?xml version="1.0" encoding="UTF-8"?>
<testng-results ignored="0" total="5" passed="4" failed="1" skipped="0">
  <reporter-output>
  </reporter-output>
  <suite started-at="2024-03-04T17:29:48 IST" name="Suite" finished-at="2024-03-04T17:31:34 IST" duration-ms="106629">
    <groups>
      <group name="regression">
        <method signature="GoogleLoginOrSignUpTest.verifyLoginPage()[pri:0, instance:TestCase.GoogleLoginOrSignUpTest@5be067de]" name="verifyLoginPage" class="TestCase.GoogleLoginOrSignUpTest"/>
        <method signature="GoogleSignInTest.verifyLoginPage()[pri:0, instance:TestCase.GoogleSignInTest@7383eae2]" name="verifyLoginPage" class="TestCase.GoogleSignInTest"/>
        <method signature="UpcomingBikeDetailsTestCase.clickNewBikes()[pri:0, instance:TestCase.UpcomingBikeDetailsTestCase@55787112]" name="clickNewBikes" class="TestCase.UpcomingBikeDetailsTestCase"/>
        <method signature="UpcomingBikeDetailsTestCase.clickUpcomingBikes()[pri:0, instance:TestCase.UpcomingBikeDetailsTestCase@55787112]" name="clickUpcomingBikes" class="TestCase.UpcomingBikeDetailsTestCase"/>
        <method signature="UsedcarDetailsTest.UsedCarDetails()[pri:0, instance:TestCase.UsedcarDetailsTest@21d8bcbe]" name="UsedCarDetails" class="TestCase.UsedcarDetailsTest"/>
      </group> <!-- regression -->
      <group name="smoke">
        <method signature="GoogleLoginOrSignUpTest.verifyLoginPage()[pri:0, instance:TestCase.GoogleLoginOrSignUpTest@5be067de]" name="verifyLoginPage" class="TestCase.GoogleLoginOrSignUpTest"/>
        <method signature="UpcomingBikeDetailsTestCase.clickNewBikes()[pri:0, instance:TestCase.UpcomingBikeDetailsTestCase@55787112]" name="clickNewBikes" class="TestCase.UpcomingBikeDetailsTestCase"/>
        <method signature="UpcomingBikeDetailsTestCase.clickUpcomingBikes()[pri:0, instance:TestCase.UpcomingBikeDetailsTestCase@55787112]" name="clickUpcomingBikes" class="TestCase.UpcomingBikeDetailsTestCase"/>
      </group> <!-- smoke -->
      <group name="master">
        <method signature="GoogleLoginOrSignUpTest.verifyLoginPage()[pri:0, instance:TestCase.GoogleLoginOrSignUpTest@5be067de]" name="verifyLoginPage" class="TestCase.GoogleLoginOrSignUpTest"/>
        <method signature="GoogleSignInTest.verifyLoginPage()[pri:0, instance:TestCase.GoogleSignInTest@7383eae2]" name="verifyLoginPage" class="TestCase.GoogleSignInTest"/>
        <method signature="UpcomingBikeDetailsTestCase.clickNewBikes()[pri:0, instance:TestCase.UpcomingBikeDetailsTestCase@55787112]" name="clickNewBikes" class="TestCase.UpcomingBikeDetailsTestCase"/>
        <method signature="UpcomingBikeDetailsTestCase.clickUpcomingBikes()[pri:0, instance:TestCase.UpcomingBikeDetailsTestCase@55787112]" name="clickUpcomingBikes" class="TestCase.UpcomingBikeDetailsTestCase"/>
        <method signature="UsedcarDetailsTest.UsedCarDetails()[pri:0, instance:TestCase.UsedcarDetailsTest@21d8bcbe]" name="UsedCarDetails" class="TestCase.UsedcarDetailsTest"/>
      </group> <!-- master -->
    </groups>
    <test started-at="2024-03-04T17:29:48 IST" name="ChromeTest" finished-at="2024-03-04T17:31:34 IST" duration-ms="106629">
      <class name="TestCase.UsedcarDetailsTest">
        <test-method signature="UsedCarDetails()[pri:0, instance:TestCase.UsedcarDetailsTest@21d8bcbe]" started-at="2024-03-04T17:30:34 IST" name="UsedCarDetails" finished-at="2024-03-04T17:31:20 IST" duration-ms="45484" status="PASS">
          <reporter-output>
          </reporter-output>
        </test-method> <!-- UsedCarDetails -->
      </class> <!-- TestCase.UsedcarDetailsTest -->
      <class name="TestCase.GoogleLoginOrSignUpTest">
        <test-method signature="verifyLoginPage()[pri:0, instance:TestCase.GoogleLoginOrSignUpTest@5be067de]" started-at="2024-03-04T17:31:20 IST" name="verifyLoginPage" finished-at="2024-03-04T17:31:24 IST" duration-ms="3908" status="PASS">
          <reporter-output>
          </reporter-output>
        </test-method> <!-- verifyLoginPage -->
      </class> <!-- TestCase.GoogleLoginOrSignUpTest -->
      <class name="TestCase.UpcomingBikeDetailsTestCase">
        <test-method is-config="true" signature="setup(java.lang.String,java.lang.String)[pri:0, instance:TestCase.UpcomingBikeDetailsTestCase@55787112]" started-at="2024-03-04T17:29:48 IST" name="setup" finished-at="2024-03-04T17:30:00 IST" duration-ms="11910" status="PASS">
          <params>
            <param index="0">
              <value>
                <![CDATA[Windows]]>
              </value>
            </param>
            <param index="1">
              <value>
                <![CDATA[chrome]]>
              </value>
            </param>
          </params>
          <reporter-output>
          </reporter-output>
        </test-method> <!-- setup -->
        <test-method signature="clickNewBikes()[pri:0, instance:TestCase.UpcomingBikeDetailsTestCase@55787112]" started-at="2024-03-04T17:30:00 IST" name="clickNewBikes" finished-at="2024-03-04T17:30:32 IST" duration-ms="32398" status="PASS">
          <reporter-output>
          </reporter-output>
        </test-method> <!-- clickNewBikes -->
        <test-method signature="clickUpcomingBikes()[pri:0, instance:TestCase.UpcomingBikeDetailsTestCase@55787112]" started-at="2024-03-04T17:30:33 IST" name="clickUpcomingBikes" finished-at="2024-03-04T17:30:34 IST" depends-on-methods="TestCase.UpcomingBikeDetailsTestCase.clickNewBikes" duration-ms="1185" status="FAIL">
          <exception class="java.lang.AssertionError">
            <message>
              <![CDATA[null]]>
            </message>
            <full-stacktrace>
              <![CDATA[java.lang.AssertionError: null
at org.testng.Assert.fail(Assert.java:111)
at org.testng.Assert.fail(Assert.java:116)
at TestCase.UpcomingBikeDetailsTestCase.clickUpcomingBikes(UpcomingBikeDetailsTestCase.java:48)
at java.base/jdk.internal.reflect.DirectMethodHandleAccessor.invoke(DirectMethodHandleAccessor.java:103)
at java.base/java.lang.reflect.Method.invoke(Method.java:580)
at org.testng.internal.invokers.MethodInvocationHelper.invokeMethod(MethodInvocationHelper.java:139)
at org.testng.internal.invokers.TestInvoker.invokeMethod(TestInvoker.java:664)
at org.testng.internal.invokers.TestInvoker.invokeTestMethod(TestInvoker.java:228)
at org.testng.internal.invokers.MethodRunner.runInSequence(MethodRunner.java:63)
at org.testng.internal.invokers.TestInvoker$MethodInvocationAgent.invoke(TestInvoker.java:961)
at org.testng.internal.invokers.TestInvoker.invokeTestMethods(TestInvoker.java:201)
at org.testng.internal.invokers.TestMethodWorker.invokeTestMethods(TestMethodWorker.java:148)
at org.testng.internal.invokers.TestMethodWorker.run(TestMethodWorker.java:128)
at java.base/java.util.ArrayList.forEach(ArrayList.java:1596)
at org.testng.TestRunner.privateRun(TestRunner.java:819)
at org.testng.TestRunner.run(TestRunner.java:619)
at org.testng.SuiteRunner.runTest(SuiteRunner.java:443)
at org.testng.SuiteRunner.runSequentially(SuiteRunner.java:437)
at org.testng.SuiteRunner.privateRun(SuiteRunner.java:397)
at org.testng.SuiteRunner.run(SuiteRunner.java:336)
at org.testng.SuiteRunnerWorker.runSuite(SuiteRunnerWorker.java:52)
at org.testng.SuiteRunnerWorker.run(SuiteRunnerWorker.java:95)
at org.testng.TestNG.runSuitesSequentially(TestNG.java:1301)
at org.testng.TestNG.runSuitesLocally(TestNG.java:1228)
at org.testng.TestNG.runSuites(TestNG.java:1134)
at org.testng.TestNG.run(TestNG.java:1101)
at org.apache.maven.surefire.testng.TestNGExecutor.run(TestNGExecutor.java:308)
at org.apache.maven.surefire.testng.TestNGXmlTestSuite.execute(TestNGXmlTestSuite.java:71)
at org.apache.maven.surefire.testng.TestNGProvider.invoke(TestNGProvider.java:113)
at org.apache.maven.surefire.booter.ForkedBooter.runSuitesInProcess(ForkedBooter.java:385)
at org.apache.maven.surefire.booter.ForkedBooter.execute(ForkedBooter.java:162)
at org.apache.maven.surefire.booter.ForkedBooter.run(ForkedBooter.java:507)
at org.apache.maven.surefire.booter.ForkedBooter.main(ForkedBooter.java:495)
]]>
            </full-stacktrace>
          </exception> <!-- java.lang.AssertionError -->
          <reporter-output>
          </reporter-output>
        </test-method> <!-- clickUpcomingBikes -->
        <test-method is-config="true" signature="tearDown()[pri:0, instance:TestCase.UpcomingBikeDetailsTestCase@55787112]" started-at="2024-03-04T17:31:33 IST" name="tearDown" finished-at="2024-03-04T17:31:34 IST" duration-ms="1360" status="PASS">
          <reporter-output>
          </reporter-output>
        </test-method> <!-- tearDown -->
      </class> <!-- TestCase.UpcomingBikeDetailsTestCase -->
      <class name="TestCase.GoogleSignInTest">
        <test-method signature="verifyLoginPage()[pri:0, instance:TestCase.GoogleSignInTest@7383eae2]" started-at="2024-03-04T17:31:24 IST" name="verifyLoginPage" finished-at="2024-03-04T17:31:33 IST" duration-ms="8672" status="PASS">
          <reporter-output>
          </reporter-output>
        </test-method> <!-- verifyLoginPage -->
      </class> <!-- TestCase.GoogleSignInTest -->
    </test> <!-- ChromeTest -->
  </suite> <!-- Suite -->
</testng-results>
